2024-01-17 06:27:14 | INFO    | __main__:stash:131 | run - {'image': '20231121', 'version': '0.10.1.post2', 'role': 'EpicPlayer', 'headless': True}
2024-01-17 06:27:21 | INFO    | __main__:claim_epic_games:97 | Try to flush cookie - {'task': 'claim_epic_games'}
2024-01-17 06:27:23 | INFO    | epic_games.agent:_login:237 | login-with-email - {'url': 'https://www.epicgames.com/id/login?lang=en-US&noHostRedirect=true&redirectUrl=https://store.epicgames.com/en-US/free-games'}
2024-01-17 06:27:27 | DEBUG    | epic_games.agent:insert_challenge:215 | Attack challenge - {'stage': 'email_exists_prod'}
2024-01-17 06:27:27 | DEBUG    | hcaptcha_challenger.agents.playwright.control:_parse_label:241 | get task - {'prompt': 'Please click each image containing a string instrument.'}
2024-01-17 06:27:28 | DEBUG    | hcaptcha_challenger.agents.playwright.control:_catch_all_binary_challenge:474 | handle task - {'unsupervised': 'binary', 'candidate_labels': ['This is a picture that looks like string instrument.', "This is a picture that don't look like string instrument."], 'prompt': 'Please click each image containing a string instrument.', 'timit': '0.962s'}
2024-01-17 06:27:39 | DEBUG    | epic_games.agent:insert_challenge:218 | Parse result - {'stage': 'email_exists_prod', 'result': <Status.CHALLENGE_RETRY: 'retry'>}
2024-01-17 06:27:43 | DEBUG    | hcaptcha_challenger.agents.playwright.control:_parse_label:241 | get task - {'prompt': 'Please click each image containing a string instrument.'}
2024-01-17 06:27:44 | DEBUG    | hcaptcha_challenger.agents.playwright.control:_catch_all_binary_challenge:474 | handle task - {'unsupervised': 'binary', 'candidate_labels': ['This is a picture that looks like string instrument.', "This is a picture that don't look like string instrument."], 'prompt': 'Please click each image containing a string instrument.', 'timit': '0.737s'}
2024-01-17 06:27:55 | DEBUG    | epic_games.agent:insert_challenge:218 | Parse result - {'stage': 'email_exists_prod', 'result': <Status.CHALLENGE_RETRY: 'retry'>}
2024-01-17 06:27:58 | DEBUG    | hcaptcha_challenger.agents.playwright.control:_parse_label:241 | get task - {'prompt': 'Please click each image containing an outdoor gear'}
2024-01-17 06:27:58 | DEBUG    | hcaptcha_challenger.agents.playwright.control:_match_model:251 | handle task - {'match_model': 'resnet', 'prompt': 'Please click each image containing an outdoor gear'}
2024-01-17 06:28:02 | DEBUG    | epic_games.agent:insert_challenge:218 | Parse result - {'stage': 'email_exists_prod', 'result': <Status.CHALLENGE_RETRY: 'retry'>}
2024-01-17 06:28:05 | DEBUG    | hcaptcha_challenger.agents.playwright.control:_parse_label:241 | get task - {'prompt': 'Please click each image containing an outdoor gear'}
2024-01-17 06:28:05 | DEBUG    | hcaptcha_challenger.agents.playwright.control:_match_model:251 | handle task - {'match_model': 'resnet', 'prompt': 'Please click each image containing an outdoor gear'}
2024-01-17 06:28:08 | DEBUG    | epic_games.agent:insert_challenge:218 | Parse result - {'stage': 'email_exists_prod', 'result': <Status.CHALLENGE_RETRY: 'retry'>}
2024-01-17 06:28:12 | DEBUG    | hcaptcha_challenger.agents.playwright.control:_parse_label:241 | get task - {'prompt': 'Please click each image containing an outdoor gear'}
2024-01-17 06:28:12 | DEBUG    | hcaptcha_challenger.agents.playwright.control:_match_model:251 | handle task - {'match_model': 'resnet', 'prompt': 'Please click each image containing an outdoor gear'}
2024-01-17 06:28:15 | DEBUG    | epic_games.agent:insert_challenge:218 | Parse result - {'stage': 'email_exists_prod', 'result': <Status.CHALLENGE_RETRY: 'retry'>}
2024-01-17 06:28:19 | DEBUG    | hcaptcha_challenger.agents.playwright.control:_parse_label:241 | get task - {'prompt': 'Please click each image containing an outdoor gear'}
2024-01-17 06:28:19 | DEBUG    | hcaptcha_challenger.agents.playwright.control:_match_model:251 | handle task - {'match_model': 'resnet', 'prompt': 'Please click each image containing an outdoor gear'}
2024-01-17 06:28:28 | DEBUG    | epic_games.agent:insert_challenge:218 | Parse result - {'stage': 'email_exists_prod', 'result': <Status.CHALLENGE_RETRY: 'retry'>}
2024-01-17 06:28:31 | DEBUG    | hcaptcha_challenger.agents.playwright.control:_parse_label:241 | get task - {'prompt': 'Please click each image containing a string instrument.'}
2024-01-17 06:28:32 | DEBUG    | hcaptcha_challenger.agents.playwright.control:_catch_all_binary_challenge:474 | handle task - {'unsupervised': 'binary', 'candidate_labels': ['This is a picture that looks like string instrument.', "This is a picture that don't look like string instrument."], 'prompt': 'Please click each image containing a string instrument.', 'timit': '0.726s'}
2024-01-17 06:28:44 | DEBUG    | epic_games.agent:insert_challenge:218 | Parse result - {'stage': 'email_exists_prod', 'result': <Status.CHALLENGE_RETRY: 'retry'>}
2024-01-17 06:28:49 | DEBUG    | hcaptcha_challenger.agents.playwright.control:_parse_label:241 | get task - {'prompt': 'Please click each image containing an outdoor gear'}
2024-01-17 06:28:49 | DEBUG    | hcaptcha_challenger.agents.playwright.control:_match_model:251 | handle task - {'match_model': 'resnet', 'prompt': 'Please click each image containing an outdoor gear'}
2024-01-17 06:28:53 | DEBUG    | epic_games.agent:insert_challenge:218 | Parse result - {'stage': 'email_exists_prod', 'result': <Status.CHALLENGE_RETRY: 'retry'>}
2024-01-17 06:28:56 | DEBUG    | hcaptcha_challenger.agents.playwright.control:_parse_label:241 | get task - {'prompt': 'Please click each image containing an outdoor gear'}
2024-01-17 06:28:57 | DEBUG    | hcaptcha_challenger.agents.playwright.control:_match_model:251 | handle task - {'match_model': 'resnet', 'prompt': 'Please click each image containing an outdoor gear'}
2024-01-17 06:29:01 | DEBUG    | epic_games.agent:insert_challenge:218 | Parse result - {'stage': 'email_exists_prod', 'result': <Status.CHALLENGE_RETRY: 'retry'>}
2024-01-17 06:29:04 | DEBUG    | hcaptcha_challenger.agents.playwright.control:_parse_label:241 | get task - {'prompt': 'Please click each image containing an outdoor gear'}
2024-01-17 06:29:04 | DEBUG    | hcaptcha_challenger.agents.playwright.control:_match_model:251 | handle task - {'match_model': 'resnet', 'prompt': 'Please click each image containing an outdoor gear'}
2024-01-17 06:29:08 | DEBUG    | epic_games.agent:insert_challenge:218 | Parse result - {'stage': 'email_exists_prod', 'result': <Status.CHALLENGE_RETRY: 'retry'>}
2024-01-17 06:29:15 | DEBUG    | hcaptcha_challenger.agents.playwright.control:_parse_label:241 | get task - {'prompt': 'Please click each image containing an outdoor gear'}
2024-01-17 06:29:15 | DEBUG    | hcaptcha_challenger.agents.playwright.control:_match_model:251 | handle task - {'match_model': 'resnet', 'prompt': 'Please click each image containing an outdoor gear'}
2024-01-17 06:29:18 | DEBUG    | epic_games.agent:insert_challenge:218 | Parse result - {'stage': 'email_exists_prod', 'result': <Status.CHALLENGE_RETRY: 'retry'>}
2024-01-17 06:29:22 | DEBUG    | hcaptcha_challenger.agents.playwright.control:_parse_label:241 | get task - {'prompt': 'Please click each image containing an outdoor gear'}
2024-01-17 06:29:22 | DEBUG    | hcaptcha_challenger.agents.playwright.control:_match_model:251 | handle task - {'match_model': 'resnet', 'prompt': 'Please click each image containing an outdoor gear'}
2024-01-17 06:29:25 | DEBUG    | epic_games.agent:insert_challenge:218 | Parse result - {'stage': 'email_exists_prod', 'result': <Status.CHALLENGE_RETRY: 'retry'>}
2024-01-17 06:29:29 | DEBUG    | hcaptcha_challenger.agents.playwright.control:_parse_label:241 | get task - {'prompt': 'Please click each image containing an outdoor gear'}
2024-01-17 06:29:29 | DEBUG    | hcaptcha_challenger.agents.playwright.control:_match_model:251 | handle task - {'match_model': 'resnet', 'prompt': 'Please click each image containing an outdoor gear'}
2024-01-17 06:29:33 | DEBUG    | epic_games.agent:insert_challenge:218 | Parse result - {'stage': 'email_exists_prod', 'result': <Status.CHALLENGE_RETRY: 'retry'>}
2024-01-17 06:29:43 | DEBUG    | hcaptcha_challenger.agents.playwright.control:_parse_label:241 | get task - {'prompt': 'Please click each image containing an outdoor gear'}
2024-01-17 06:29:43 | DEBUG    | hcaptcha_challenger.agents.playwright.control:_match_model:251 | handle task - {'match_model': 'resnet', 'prompt': 'Please click each image containing an outdoor gear'}
2024-01-17 06:29:46 | DEBUG    | epic_games.agent:insert_challenge:218 | Parse result - {'stage': 'email_exists_prod', 'result': <Status.CHALLENGE_RETRY: 'retry'>}
2024-01-17 06:29:52 | DEBUG    | hcaptcha_challenger.agents.playwright.control:_parse_label:241 | get task - {'prompt': 'Please click each image containing a string instrument.'}
2024-01-17 06:29:53 | DEBUG    | hcaptcha_challenger.agents.playwright.control:_catch_all_binary_challenge:474 | handle task - {'unsupervised': 'binary', 'candidate_labels': ['This is a picture that looks like string instrument.', "This is a picture that don't look like string instrument."], 'prompt': 'Please click each image containing a string instrument.', 'timit': '0.691s'}
2024-01-17 06:30:04 | DEBUG    | epic_games.agent:insert_challenge:218 | Parse result - {'stage': 'email_exists_prod', 'result': <Status.CHALLENGE_RETRY: 'retry'>}
2024-01-17 06:30:34 | WARNING    | epic_games.agent:authorize:266 | 执行超时 - {'task': 'authorize', 'retry': 0}
2024-01-17 06:30:36 | INFO    | epic_games.agent:_login:237 | login-with-email - {'url': 'https://www.epicgames.com/id/login?lang=en-US&noHostRedirect=true&redirectUrl=https://store.epicgames.com/en-US/free-games'}
2024-01-17 06:30:40 | DEBUG    | epic_games.agent:insert_challenge:215 | Attack challenge - {'stage': 'email_exists_prod'}
2024-01-17 06:30:40 | DEBUG    | hcaptcha_challenger.agents.playwright.control:_parse_label:241 | get task - {'prompt': 'Please click each image containing a string instrument.'}
2024-01-17 06:30:41 | DEBUG    | hcaptcha_challenger.agents.playwright.control:_catch_all_binary_challenge:474 | handle task - {'unsupervised': 'binary', 'candidate_labels': ['This is a picture that looks like string instrument.', "This is a picture that don't look like string instrument."], 'prompt': 'Please click each image containing a string instrument.', 'timit': '0.684s'}
2024-01-17 06:30:56 | DEBUG    | epic_games.agent:insert_challenge:218 | Parse result - {'stage': 'email_exists_prod', 'result': <Status.CHALLENGE_RETRY: 'retry'>}
2024-01-17 06:30:59 | DEBUG    | hcaptcha_challenger.agents.playwright.control:_parse_label:241 | get task - {'prompt': 'Please click each image containing an outdoor gear'}
2024-01-17 06:30:59 | DEBUG    | hcaptcha_challenger.agents.playwright.control:_match_model:251 | handle task - {'match_model': 'resnet', 'prompt': 'Please click each image containing an outdoor gear'}
2024-01-17 06:31:03 | DEBUG    | epic_games.agent:insert_challenge:218 | Parse result - {'stage': 'email_exists_prod', 'result': <Status.CHALLENGE_RETRY: 'retry'>}
2024-01-17 06:31:06 | DEBUG    | hcaptcha_challenger.agents.playwright.control:_parse_label:241 | get task - {'prompt': 'Please click each image containing an outdoor gear'}
2024-01-17 06:31:06 | DEBUG    | hcaptcha_challenger.agents.playwright.control:_match_model:251 | handle task - {'match_model': 'resnet', 'prompt': 'Please click each image containing an outdoor gear'}
2024-01-17 06:31:11 | DEBUG    | epic_games.agent:insert_challenge:218 | Parse result - {'stage': 'email_exists_prod', 'result': <Status.CHALLENGE_RETRY: 'retry'>}
2024-01-17 06:31:18 | DEBUG    | hcaptcha_challenger.agents.playwright.control:_parse_label:241 | get task - {'prompt': 'Please click each image containing a string instrument.'}
2024-01-17 06:31:19 | DEBUG    | hcaptcha_challenger.agents.playwright.control:_catch_all_binary_challenge:474 | handle task - {'unsupervised': 'binary', 'candidate_labels': ['This is a picture that looks like string instrument.', "This is a picture that don't look like string instrument."], 'prompt': 'Please click each image containing a string instrument.', 'timit': '0.709s'}
2024-01-17 06:31:31 | DEBUG    | epic_games.agent:insert_challenge:218 | Parse result - {'stage': 'email_exists_prod', 'result': <Status.CHALLENGE_RETRY: 'retry'>}
2024-01-17 06:31:35 | DEBUG    | hcaptcha_challenger.agents.playwright.control:_parse_label:241 | get task - {'prompt': 'Please click each image containing an outdoor gear'}
2024-01-17 06:31:35 | DEBUG    | hcaptcha_challenger.agents.playwright.control:_match_model:251 | handle task - {'match_model': 'resnet', 'prompt': 'Please click each image containing an outdoor gear'}
2024-01-17 06:31:40 | DEBUG    | epic_games.agent:insert_challenge:218 | Parse result - {'stage': 'email_exists_prod', 'result': <Status.CHALLENGE_RETRY: 'retry'>}
2024-01-17 06:31:47 | DEBUG    | hcaptcha_challenger.agents.playwright.control:_parse_label:241 | get task - {'prompt': 'Please click each image containing a string instrument.'}
2024-01-17 06:31:47 | DEBUG    | hcaptcha_challenger.agents.playwright.control:_catch_all_binary_challenge:474 | handle task - {'unsupervised': 'binary', 'candidate_labels': ['This is a picture that looks like string instrument.', "This is a picture that don't look like string instrument."], 'prompt': 'Please click each image containing a string instrument.', 'timit': '0.699s'}
2024-01-17 06:32:05 | DEBUG    | epic_games.agent:insert_challenge:218 | Parse result - {'stage': 'email_exists_prod', 'result': <Status.CHALLENGE_RETRY: 'retry'>}
2024-01-17 06:32:08 | DEBUG    | hcaptcha_challenger.agents.playwright.control:_parse_label:241 | get task - {'prompt': 'Please click each image containing an outdoor gear'}
2024-01-17 06:32:08 | DEBUG    | hcaptcha_challenger.agents.playwright.control:_match_model:251 | handle task - {'match_model': 'resnet', 'prompt': 'Please click each image containing an outdoor gear'}
2024-01-17 06:32:12 | DEBUG    | epic_games.agent:insert_challenge:218 | Parse result - {'stage': 'email_exists_prod', 'result': <Status.CHALLENGE_RETRY: 'retry'>}
2024-01-17 06:32:18 | DEBUG    | hcaptcha_challenger.agents.playwright.control:_parse_label:241 | get task - {'prompt': 'Please click each image containing an outdoor gear'}
2024-01-17 06:32:18 | DEBUG    | hcaptcha_challenger.agents.playwright.control:_match_model:251 | handle task - {'match_model': 'resnet', 'prompt': 'Please click each image containing an outdoor gear'}
2024-01-17 06:32:21 | DEBUG    | epic_games.agent:insert_challenge:218 | Parse result - {'stage': 'email_exists_prod', 'result': <Status.CHALLENGE_RETRY: 'retry'>}
2024-01-17 06:32:26 | DEBUG    | hcaptcha_challenger.agents.playwright.control:_parse_label:241 | get task - {'prompt': 'Please click each image containing an outdoor gear'}
2024-01-17 06:32:26 | DEBUG    | hcaptcha_challenger.agents.playwright.control:_match_model:251 | handle task - {'match_model': 'resnet', 'prompt': 'Please click each image containing an outdoor gear'}
2024-01-17 06:32:29 | DEBUG    | epic_games.agent:insert_challenge:218 | Parse result - {'stage': 'email_exists_prod', 'result': <Status.CHALLENGE_RETRY: 'retry'>}
2024-01-17 06:32:33 | DEBUG    | hcaptcha_challenger.agents.playwright.control:_parse_label:241 | get task - {'prompt': 'Please click each image containing an outdoor gear'}
2024-01-17 06:32:33 | DEBUG    | hcaptcha_challenger.agents.playwright.control:_match_model:251 | handle task - {'match_model': 'resnet', 'prompt': 'Please click each image containing an outdoor gear'}
2024-01-17 06:32:36 | DEBUG    | epic_games.agent:insert_challenge:218 | Parse result - {'stage': 'email_exists_prod', 'result': <Status.CHALLENGE_RETRY: 'retry'>}
2024-01-17 06:32:40 | DEBUG    | hcaptcha_challenger.agents.playwright.control:_parse_label:241 | get task - {'prompt': 'Please click each image containing an outdoor gear'}
2024-01-17 06:32:40 | DEBUG    | hcaptcha_challenger.agents.playwright.control:_match_model:251 | handle task - {'match_model': 'resnet', 'prompt': 'Please click each image containing an outdoor gear'}
2024-01-17 06:32:44 | DEBUG    | epic_games.agent:insert_challenge:218 | Parse result - {'stage': 'email_exists_prod', 'result': <Status.CHALLENGE_RETRY: 'retry'>}
2024-01-17 06:32:51 | DEBUG    | hcaptcha_challenger.agents.playwright.control:_parse_label:241 | get task - {'prompt': 'Please click each image containing a string instrument.'}
2024-01-17 06:32:52 | DEBUG    | hcaptcha_challenger.agents.playwright.control:_catch_all_binary_challenge:474 | handle task - {'unsupervised': 'binary', 'candidate_labels': ['This is a picture that looks like string instrument.', "This is a picture that don't look like string instrument."], 'prompt': 'Please click each image containing a string instrument.', 'timit': '0.690s'}
2024-01-17 06:33:05 | DEBUG    | epic_games.agent:insert_challenge:218 | Parse result - {'stage': 'email_exists_prod', 'result': <Status.CHALLENGE_RETRY: 'retry'>}
2024-01-17 06:33:10 | DEBUG    | hcaptcha_challenger.agents.playwright.control:_parse_label:241 | get task - {'prompt': 'Please click each image containing an outdoor gear'}
2024-01-17 06:33:10 | DEBUG    | hcaptcha_challenger.agents.playwright.control:_match_model:251 | handle task - {'match_model': 'resnet', 'prompt': 'Please click each image containing an outdoor gear'}
2024-01-17 06:33:14 | DEBUG    | epic_games.agent:insert_challenge:218 | Parse result - {'stage': 'email_exists_prod', 'result': <Status.CHALLENGE_RETRY: 'retry'>}
2024-01-17 06:33:18 | DEBUG    | hcaptcha_challenger.agents.playwright.control:_parse_label:241 | get task - {'prompt': 'Please click each image containing an outdoor gear'}
2024-01-17 06:33:18 | DEBUG    | hcaptcha_challenger.agents.playwright.control:_match_model:251 | handle task - {'match_model': 'resnet', 'prompt': 'Please click each image containing an outdoor gear'}
2024-01-17 06:33:22 | DEBUG    | epic_games.agent:insert_challenge:218 | Parse result - {'stage': 'email_exists_prod', 'result': <Status.CHALLENGE_RETRY: 'retry'>}
2024-01-17 06:33:25 | DEBUG    | hcaptcha_challenger.agents.playwright.control:_parse_label:241 | get task - {'prompt': 'Please click each image containing a string instrument.'}
2024-01-17 06:33:25 | DEBUG    | hcaptcha_challenger.agents.playwright.control:_catch_all_binary_challenge:474 | handle task - {'unsupervised': 'binary', 'candidate_labels': ['This is a picture that looks like string instrument.', "This is a picture that don't look like string instrument."], 'prompt': 'Please click each image containing a string instrument.', 'timit': '0.682s'}
2024-01-17 06:33:39 | DEBUG    | epic_games.agent:insert_challenge:218 | Parse result - {'stage': 'email_exists_prod', 'result': <Status.CHALLENGE_RETRY: 'retry'>}
2024-01-17 06:34:09 | WARNING    | epic_games.agent:authorize:266 | 执行超时 - {'task': 'authorize', 'retry': 1}
2024-01-17 06:34:10 | INFO    | epic_games.agent:_login:237 | login-with-email - {'url': 'https://www.epicgames.com/id/login?lang=en-US&noHostRedirect=true&redirectUrl=https://store.epicgames.com/en-US/free-games'}
2024-01-17 06:34:15 | DEBUG    | epic_games.agent:insert_challenge:215 | Attack challenge - {'stage': 'email_exists_prod'}
2024-01-17 06:34:15 | DEBUG    | hcaptcha_challenger.agents.playwright.control:_parse_label:241 | get task - {'prompt': 'Please click each image containing an outdoor gear'}
2024-01-17 06:34:15 | DEBUG    | hcaptcha_challenger.agents.playwright.control:_match_model:251 | handle task - {'match_model': 'resnet', 'prompt': 'Please click each image containing an outdoor gear'}
2024-01-17 06:34:46 | WARNING    | epic_games.agent:authorize:266 | 执行超时 - {'task': 'authorize', 'retry': 2}
2024-01-17 06:34:47 | ERROR    | __main__:run:158 | An error has been caught in function 'run', process 'MainProcess' (3646), thread 'MainThread' (139992177396608): - {}
Traceback (most recent call last):
  File "/home/runner/work/epic-unreal-claimer/epic-unreal-claimer/epic/src/claim.py", line 162, in <module>
    asyncio.run(run())
  File "/opt/hostedtoolcache/Python/3.10.13/x64/lib/python3.10/asyncio/runners.py", line 44, in run
    return loop.run_until_complete(main)
  File "/opt/hostedtoolcache/Python/3.10.13/x64/lib/python3.10/asyncio/base_events.py", line 636, in run_until_complete
    self.run_forever()
  File "/opt/hostedtoolcache/Python/3.10.13/x64/lib/python3.10/asyncio/base_events.py", line 603, in run_forever
    self._run_once()
  File "/opt/hostedtoolcache/Python/3.10.13/x64/lib/python3.10/asyncio/base_events.py", line 1909, in _run_once
    handle._run()
  File "/opt/hostedtoolcache/Python/3.10.13/x64/lib/python3.10/asyncio/events.py", line 80, in _run
    self._context.run(self._callback, *self._args)
> File "/home/runner/work/epic-unreal-claimer/epic-unreal-claimer/epic/src/claim.py", line 158, in run
    await agent.stash()
  File "/home/runner/work/epic-unreal-claimer/epic-unreal-claimer/epic/src/claim.py", line 151, in stash
    await self.claim_epic_games(context)
  File "/home/runner/work/epic-unreal-claimer/epic-unreal-claimer/epic/src/claim.py", line 98, in claim_epic_games
    if await epic.authorize(page):
  File "/home/runner/work/epic-unreal-claimer/epic-unreal-claimer/epic/src/epic_games/agent.py", line 269, in authorize
    raise RuntimeError(f"Failed to flush token - agent={self.__class__.__name__}")
RuntimeError: Failed to flush token - agent=EpicGames
